<?xml version="1.0" encoding="UTF-8"?>
<!-- Generated by org.testng.reporters.JUnitXMLReporter -->
<testsuite ignored="0" hostname="DESKTOP-1EQ7H6N" failures="1" tests="2" name="NoP Commerce App Test Cases" time="18.487" errors="0" timestamp="2021-03-05T13:00:33 IST">
  <testcase classname="com.tests.LoginPageTest" name="verifyLoginPageTitleTest" time="0.054">
    <failure type="java.lang.AssertionError" message="expected [xyz] but found [Your store. Login]">
      <![CDATA[java.lang.AssertionError: expected [xyz] but found [Your store. Login]
at com.tests.LoginPageTest.verifyLoginPageTitleTest(LoginPageTest.java:17)
at java.base/java.util.ArrayList.forEach(ArrayList.java:1511)
... Removed 33 stack frames]]>
    </failure>
  </testcase> <!-- verifyLoginPageTitleTest -->
  <testcase classname="com.tests.LoginPageTest" name="verifyLoginTest" time="6.636"/>
</testsuite> <!-- NoP Commerce App Test Cases -->
